<?xml version="1.0" encoding="UTF-8"?>
<testsuite xmlns:xsi="http://www.w3.org/2001/XMLSchema-instance" xsi:noNamespaceSchemaLocation="https://maven.apache.org/surefire/maven-surefire-plugin/xsd/surefire-test-report.xsd" name="com.example.securitydemo.SecuritydemoApplicationTests" time="9.965" tests="1" errors="0" skipped="0" failures="0">
  <properties>
    <property name="java.specification.version" value="15"/>
    <property name="sun.jnu.encoding" value="UTF-8"/>
    <property name="java.class.path" value="/home/zweli/Downloads/securitydemo/target/test-classes:/home/zweli/Downloads/securitydemo/target/classes:/home/zweli/.m2/repository/org/springframework/boot/spring-boot-starter-web/2.5.0-RC1/spring-boot-starter-web-2.5.0-RC1.jar:/home/zweli/.m2/repository/org/springframework/boot/spring-boot-starter/2.5.0-RC1/spring-boot-starter-2.5.0-RC1.jar:/home/zweli/.m2/repository/org/springframework/boot/spring-boot/2.5.0-RC1/spring-boot-2.5.0-RC1.jar:/home/zweli/.m2/repository/org/springframework/boot/spring-boot-autoconfigure/2.5.0-RC1/spring-boot-autoconfigure-2.5.0-RC1.jar:/home/zweli/.m2/repository/org/springframework/boot/spring-boot-starter-logging/2.5.0-RC1/spring-boot-starter-logging-2.5.0-RC1.jar:/home/zweli/.m2/repository/ch/qos/logback/logback-classic/1.2.3/logback-classic-1.2.3.jar:/home/zweli/.m2/repository/ch/qos/logback/logback-core/1.2.3/logback-core-1.2.3.jar:/home/zweli/.m2/repository/org/apache/logging/log4j/log4j-to-slf4j/2.14.1/log4j-to-slf4j-2.14.1.jar:/home/zweli/.m2/repository/org/apache/logging/log4j/log4j-api/2.14.1/log4j-api-2.14.1.jar:/home/zweli/.m2/repository/org/slf4j/jul-to-slf4j/1.7.30/jul-to-slf4j-1.7.30.jar:/home/zweli/.m2/repository/jakarta/annotation/jakarta.annotation-api/1.3.5/jakarta.annotation-api-1.3.5.jar:/home/zweli/.m2/repository/org/yaml/snakeyaml/1.28/snakeyaml-1.28.jar:/home/zweli/.m2/repository/org/springframework/boot/spring-boot-starter-json/2.5.0-RC1/spring-boot-starter-json-2.5.0-RC1.jar:/home/zweli/.m2/repository/com/fasterxml/jackson/core/jackson-databind/2.12.3/jackson-databind-2.12.3.jar:/home/zweli/.m2/repository/com/fasterxml/jackson/core/jackson-annotations/2.12.3/jackson-annotations-2.12.3.jar:/home/zweli/.m2/repository/com/fasterxml/jackson/core/jackson-core/2.12.3/jackson-core-2.12.3.jar:/home/zweli/.m2/repository/com/fasterxml/jackson/datatype/jackson-datatype-jdk8/2.12.3/jackson-datatype-jdk8-2.12.3.jar:/home/zweli/.m2/repository/com/fasterxml/jackson/datatype/jackson-datatype-jsr310/2.12.3/jackson-datatype-jsr310-2.12.3.jar:/home/zweli/.m2/repository/com/fasterxml/jackson/module/jackson-module-parameter-names/2.12.3/jackson-module-parameter-names-2.12.3.jar:/home/zweli/.m2/repository/org/springframework/boot/spring-boot-starter-tomcat/2.5.0-RC1/spring-boot-starter-tomcat-2.5.0-RC1.jar:/home/zweli/.m2/repository/org/apache/tomcat/embed/tomcat-embed-core/9.0.45/tomcat-embed-core-9.0.45.jar:/home/zweli/.m2/repository/org/apache/tomcat/embed/tomcat-embed-el/9.0.45/tomcat-embed-el-9.0.45.jar:/home/zweli/.m2/repository/org/apache/tomcat/embed/tomcat-embed-websocket/9.0.45/tomcat-embed-websocket-9.0.45.jar:/home/zweli/.m2/repository/org/springframework/spring-web/5.3.6/spring-web-5.3.6.jar:/home/zweli/.m2/repository/org/springframework/spring-beans/5.3.6/spring-beans-5.3.6.jar:/home/zweli/.m2/repository/org/springframework/spring-webmvc/5.3.6/spring-webmvc-5.3.6.jar:/home/zweli/.m2/repository/org/springframework/spring-context/5.3.6/spring-context-5.3.6.jar:/home/zweli/.m2/repository/org/springframework/spring-expression/5.3.6/spring-expression-5.3.6.jar:/home/zweli/.m2/repository/org/springframework/boot/spring-boot-starter-security/2.5.0-RC1/spring-boot-starter-security-2.5.0-RC1.jar:/home/zweli/.m2/repository/org/springframework/spring-aop/5.3.6/spring-aop-5.3.6.jar:/home/zweli/.m2/repository/org/springframework/security/spring-security-config/5.5.0-RC1/spring-security-config-5.5.0-RC1.jar:/home/zweli/.m2/repository/org/springframework/security/spring-security-core/5.5.0-RC1/spring-security-core-5.5.0-RC1.jar:/home/zweli/.m2/repository/org/springframework/security/spring-security-web/5.5.0-RC1/spring-security-web-5.5.0-RC1.jar:/home/zweli/.m2/repository/org/springframework/boot/spring-boot-starter-test/2.5.0-RC1/spring-boot-starter-test-2.5.0-RC1.jar:/home/zweli/.m2/repository/org/springframework/boot/spring-boot-test/2.5.0-RC1/spring-boot-test-2.5.0-RC1.jar:/home/zweli/.m2/repository/org/springframework/boot/spring-boot-test-autoconfigure/2.5.0-RC1/spring-boot-test-autoconfigure-2.5.0-RC1.jar:/home/zweli/.m2/repository/com/jayway/jsonpath/json-path/2.5.0/json-path-2.5.0.jar:/home/zweli/.m2/repository/net/minidev/json-smart/2.4.2/json-smart-2.4.2.jar:/home/zweli/.m2/repository/net/minidev/accessors-smart/2.4.2/accessors-smart-2.4.2.jar:/home/zweli/.m2/repository/org/ow2/asm/asm/8.0.1/asm-8.0.1.jar:/home/zweli/.m2/repository/org/slf4j/slf4j-api/1.7.30/slf4j-api-1.7.30.jar:/home/zweli/.m2/repository/jakarta/xml/bind/jakarta.xml.bind-api/2.3.3/jakarta.xml.bind-api-2.3.3.jar:/home/zweli/.m2/repository/jakarta/activation/jakarta.activation-api/1.2.2/jakarta.activation-api-1.2.2.jar:/home/zweli/.m2/repository/org/assertj/assertj-core/3.19.0/assertj-core-3.19.0.jar:/home/zweli/.m2/repository/org/hamcrest/hamcrest/2.2/hamcrest-2.2.jar:/home/zweli/.m2/repository/org/junit/jupiter/junit-jupiter/5.7.1/junit-jupiter-5.7.1.jar:/home/zweli/.m2/repository/org/junit/jupiter/junit-jupiter-api/5.7.1/junit-jupiter-api-5.7.1.jar:/home/zweli/.m2/repository/org/apiguardian/apiguardian-api/1.1.0/apiguardian-api-1.1.0.jar:/home/zweli/.m2/repository/org/opentest4j/opentest4j/1.2.0/opentest4j-1.2.0.jar:/home/zweli/.m2/repository/org/junit/platform/junit-platform-commons/1.7.1/junit-platform-commons-1.7.1.jar:/home/zweli/.m2/repository/org/junit/jupiter/junit-jupiter-params/5.7.1/junit-jupiter-params-5.7.1.jar:/home/zweli/.m2/repository/org/junit/jupiter/junit-jupiter-engine/5.7.1/junit-jupiter-engine-5.7.1.jar:/home/zweli/.m2/repository/org/junit/platform/junit-platform-engine/1.7.1/junit-platform-engine-1.7.1.jar:/home/zweli/.m2/repository/org/mockito/mockito-core/3.9.0/mockito-core-3.9.0.jar:/home/zweli/.m2/repository/net/bytebuddy/byte-buddy/1.10.22/byte-buddy-1.10.22.jar:/home/zweli/.m2/repository/net/bytebuddy/byte-buddy-agent/1.10.22/byte-buddy-agent-1.10.22.jar:/home/zweli/.m2/repository/org/objenesis/objenesis/3.2/objenesis-3.2.jar:/home/zweli/.m2/repository/org/mockito/mockito-junit-jupiter/3.9.0/mockito-junit-jupiter-3.9.0.jar:/home/zweli/.m2/repository/org/skyscreamer/jsonassert/1.5.0/jsonassert-1.5.0.jar:/home/zweli/.m2/repository/com/vaadin/external/google/android-json/0.0.20131108.vaadin1/android-json-0.0.20131108.vaadin1.jar:/home/zweli/.m2/repository/org/springframework/spring-core/5.3.6/spring-core-5.3.6.jar:/home/zweli/.m2/repository/org/springframework/spring-jcl/5.3.6/spring-jcl-5.3.6.jar:/home/zweli/.m2/repository/org/springframework/spring-test/5.3.6/spring-test-5.3.6.jar:/home/zweli/.m2/repository/org/xmlunit/xmlunit-core/2.8.2/xmlunit-core-2.8.2.jar:"/>
    <property name="java.vm.vendor" value="Private Build"/>
    <property name="sun.arch.data.model" value="64"/>
    <property name="java.vendor.url" value="Unknown"/>
    <property name="os.name" value="Linux"/>
    <property name="java.vm.specification.version" value="15"/>
    <property name="sun.java.launcher" value="SUN_STANDARD"/>
    <property name="user.country" value="US"/>
    <property name="sun.boot.library.path" value="/usr/lib/jvm/java-15-openjdk-amd64/lib"/>
    <property name="sun.java.command" value="/home/zweli/Downloads/securitydemo/target/surefire/surefirebooter15877655753316894145.jar /home/zweli/Downloads/securitydemo/target/surefire 2021-04-28T05-31-48_331-jvmRun1 surefire8727922042536827982tmp surefire_012446652865307029791tmp"/>
    <property name="jdk.debug" value="release"/>
    <property name="surefire.test.class.path" value="/home/zweli/Downloads/securitydemo/target/test-classes:/home/zweli/Downloads/securitydemo/target/classes:/home/zweli/.m2/repository/org/springframework/boot/spring-boot-starter-web/2.5.0-RC1/spring-boot-starter-web-2.5.0-RC1.jar:/home/zweli/.m2/repository/org/springframework/boot/spring-boot-starter/2.5.0-RC1/spring-boot-starter-2.5.0-RC1.jar:/home/zweli/.m2/repository/org/springframework/boot/spring-boot/2.5.0-RC1/spring-boot-2.5.0-RC1.jar:/home/zweli/.m2/repository/org/springframework/boot/spring-boot-autoconfigure/2.5.0-RC1/spring-boot-autoconfigure-2.5.0-RC1.jar:/home/zweli/.m2/repository/org/springframework/boot/spring-boot-starter-logging/2.5.0-RC1/spring-boot-starter-logging-2.5.0-RC1.jar:/home/zweli/.m2/repository/ch/qos/logback/logback-classic/1.2.3/logback-classic-1.2.3.jar:/home/zweli/.m2/repository/ch/qos/logback/logback-core/1.2.3/logback-core-1.2.3.jar:/home/zweli/.m2/repository/org/apache/logging/log4j/log4j-to-slf4j/2.14.1/log4j-to-slf4j-2.14.1.jar:/home/zweli/.m2/repository/org/apache/logging/log4j/log4j-api/2.14.1/log4j-api-2.14.1.jar:/home/zweli/.m2/repository/org/slf4j/jul-to-slf4j/1.7.30/jul-to-slf4j-1.7.30.jar:/home/zweli/.m2/repository/jakarta/annotation/jakarta.annotation-api/1.3.5/jakarta.annotation-api-1.3.5.jar:/home/zweli/.m2/repository/org/yaml/snakeyaml/1.28/snakeyaml-1.28.jar:/home/zweli/.m2/repository/org/springframework/boot/spring-boot-starter-json/2.5.0-RC1/spring-boot-starter-json-2.5.0-RC1.jar:/home/zweli/.m2/repository/com/fasterxml/jackson/core/jackson-databind/2.12.3/jackson-databind-2.12.3.jar:/home/zweli/.m2/repository/com/fasterxml/jackson/core/jackson-annotations/2.12.3/jackson-annotations-2.12.3.jar:/home/zweli/.m2/repository/com/fasterxml/jackson/core/jackson-core/2.12.3/jackson-core-2.12.3.jar:/home/zweli/.m2/repository/com/fasterxml/jackson/datatype/jackson-datatype-jdk8/2.12.3/jackson-datatype-jdk8-2.12.3.jar:/home/zweli/.m2/repository/com/fasterxml/jackson/datatype/jackson-datatype-jsr310/2.12.3/jackson-datatype-jsr310-2.12.3.jar:/home/zweli/.m2/repository/com/fasterxml/jackson/module/jackson-module-parameter-names/2.12.3/jackson-module-parameter-names-2.12.3.jar:/home/zweli/.m2/repository/org/springframework/boot/spring-boot-starter-tomcat/2.5.0-RC1/spring-boot-starter-tomcat-2.5.0-RC1.jar:/home/zweli/.m2/repository/org/apache/tomcat/embed/tomcat-embed-core/9.0.45/tomcat-embed-core-9.0.45.jar:/home/zweli/.m2/repository/org/apache/tomcat/embed/tomcat-embed-el/9.0.45/tomcat-embed-el-9.0.45.jar:/home/zweli/.m2/repository/org/apache/tomcat/embed/tomcat-embed-websocket/9.0.45/tomcat-embed-websocket-9.0.45.jar:/home/zweli/.m2/repository/org/springframework/spring-web/5.3.6/spring-web-5.3.6.jar:/home/zweli/.m2/repository/org/springframework/spring-beans/5.3.6/spring-beans-5.3.6.jar:/home/zweli/.m2/repository/org/springframework/spring-webmvc/5.3.6/spring-webmvc-5.3.6.jar:/home/zweli/.m2/repository/org/springframework/spring-context/5.3.6/spring-context-5.3.6.jar:/home/zweli/.m2/repository/org/springframework/spring-expression/5.3.6/spring-expression-5.3.6.jar:/home/zweli/.m2/repository/org/springframework/boot/spring-boot-starter-security/2.5.0-RC1/spring-boot-starter-security-2.5.0-RC1.jar:/home/zweli/.m2/repository/org/springframework/spring-aop/5.3.6/spring-aop-5.3.6.jar:/home/zweli/.m2/repository/org/springframework/security/spring-security-config/5.5.0-RC1/spring-security-config-5.5.0-RC1.jar:/home/zweli/.m2/repository/org/springframework/security/spring-security-core/5.5.0-RC1/spring-security-core-5.5.0-RC1.jar:/home/zweli/.m2/repository/org/springframework/security/spring-security-web/5.5.0-RC1/spring-security-web-5.5.0-RC1.jar:/home/zweli/.m2/repository/org/springframework/boot/spring-boot-starter-test/2.5.0-RC1/spring-boot-starter-test-2.5.0-RC1.jar:/home/zweli/.m2/repository/org/springframework/boot/spring-boot-test/2.5.0-RC1/spring-boot-test-2.5.0-RC1.jar:/home/zweli/.m2/repository/org/springframework/boot/spring-boot-test-autoconfigure/2.5.0-RC1/spring-boot-test-autoconfigure-2.5.0-RC1.jar:/home/zweli/.m2/repository/com/jayway/jsonpath/json-path/2.5.0/json-path-2.5.0.jar:/home/zweli/.m2/repository/net/minidev/json-smart/2.4.2/json-smart-2.4.2.jar:/home/zweli/.m2/repository/net/minidev/accessors-smart/2.4.2/accessors-smart-2.4.2.jar:/home/zweli/.m2/repository/org/ow2/asm/asm/8.0.1/asm-8.0.1.jar:/home/zweli/.m2/repository/org/slf4j/slf4j-api/1.7.30/slf4j-api-1.7.30.jar:/home/zweli/.m2/repository/jakarta/xml/bind/jakarta.xml.bind-api/2.3.3/jakarta.xml.bind-api-2.3.3.jar:/home/zweli/.m2/repository/jakarta/activation/jakarta.activation-api/1.2.2/jakarta.activation-api-1.2.2.jar:/home/zweli/.m2/repository/org/assertj/assertj-core/3.19.0/assertj-core-3.19.0.jar:/home/zweli/.m2/repository/org/hamcrest/hamcrest/2.2/hamcrest-2.2.jar:/home/zweli/.m2/repository/org/junit/jupiter/junit-jupiter/5.7.1/junit-jupiter-5.7.1.jar:/home/zweli/.m2/repository/org/junit/jupiter/junit-jupiter-api/5.7.1/junit-jupiter-api-5.7.1.jar:/home/zweli/.m2/repository/org/apiguardian/apiguardian-api/1.1.0/apiguardian-api-1.1.0.jar:/home/zweli/.m2/repository/org/opentest4j/opentest4j/1.2.0/opentest4j-1.2.0.jar:/home/zweli/.m2/repository/org/junit/platform/junit-platform-commons/1.7.1/junit-platform-commons-1.7.1.jar:/home/zweli/.m2/repository/org/junit/jupiter/junit-jupiter-params/5.7.1/junit-jupiter-params-5.7.1.jar:/home/zweli/.m2/repository/org/junit/jupiter/junit-jupiter-engine/5.7.1/junit-jupiter-engine-5.7.1.jar:/home/zweli/.m2/repository/org/junit/platform/junit-platform-engine/1.7.1/junit-platform-engine-1.7.1.jar:/home/zweli/.m2/repository/org/mockito/mockito-core/3.9.0/mockito-core-3.9.0.jar:/home/zweli/.m2/repository/net/bytebuddy/byte-buddy/1.10.22/byte-buddy-1.10.22.jar:/home/zweli/.m2/repository/net/bytebuddy/byte-buddy-agent/1.10.22/byte-buddy-agent-1.10.22.jar:/home/zweli/.m2/repository/org/objenesis/objenesis/3.2/objenesis-3.2.jar:/home/zweli/.m2/repository/org/mockito/mockito-junit-jupiter/3.9.0/mockito-junit-jupiter-3.9.0.jar:/home/zweli/.m2/repository/org/skyscreamer/jsonassert/1.5.0/jsonassert-1.5.0.jar:/home/zweli/.m2/repository/com/vaadin/external/google/android-json/0.0.20131108.vaadin1/android-json-0.0.20131108.vaadin1.jar:/home/zweli/.m2/repository/org/springframework/spring-core/5.3.6/spring-core-5.3.6.jar:/home/zweli/.m2/repository/org/springframework/spring-jcl/5.3.6/spring-jcl-5.3.6.jar:/home/zweli/.m2/repository/org/springframework/spring-test/5.3.6/spring-test-5.3.6.jar:/home/zweli/.m2/repository/org/xmlunit/xmlunit-core/2.8.2/xmlunit-core-2.8.2.jar:"/>
    <property name="sun.cpu.endian" value="little"/>
    <property name="user.home" value="/home/zweli"/>
    <property name="user.language" value="en"/>
    <property name="java.specification.vendor" value="Oracle Corporation"/>
    <property name="java.version.date" value="2020-09-15"/>
    <property name="java.home" value="/usr/lib/jvm/java-15-openjdk-amd64"/>
    <property name="file.separator" value="/"/>
    <property name="basedir" value="/home/zweli/Downloads/securitydemo"/>
    <property name="java.vm.compressedOopsMode" value="Zero based"/>
    <property name="line.separator" value="&#10;"/>
    <property name="java.vm.specification.vendor" value="Oracle Corporation"/>
    <property name="java.specification.name" value="Java Platform API Specification"/>
    <property name="surefire.real.class.path" value="/home/zweli/Downloads/securitydemo/target/surefire/surefirebooter15877655753316894145.jar"/>
    <property name="sun.management.compiler" value="HotSpot 64-Bit Tiered Compilers"/>
    <property name="java.runtime.version" value="15+36-Ubuntu-1"/>
    <property name="user.name" value="zweli"/>
    <property name="path.separator" value=":"/>
    <property name="os.version" value="5.11.0-7614-generic"/>
    <property name="java.runtime.name" value="OpenJDK Runtime Environment"/>
    <property name="file.encoding" value="UTF-8"/>
    <property name="java.vm.name" value="OpenJDK 64-Bit Server VM"/>
    <property name="localRepository" value="/home/zweli/.m2/repository"/>
    <property name="java.vendor.url.bug" value="Unknown"/>
    <property name="java.io.tmpdir" value="/tmp"/>
    <property name="java.version" value="15"/>
    <property name="user.dir" value="/home/zweli/Downloads/securitydemo"/>
    <property name="os.arch" value="amd64"/>
    <property name="java.vm.specification.name" value="Java Virtual Machine Specification"/>
    <property name="java.library.path" value="/usr/java/packages/lib:/usr/lib/x86_64-linux-gnu/jni:/lib/x86_64-linux-gnu:/usr/lib/x86_64-linux-gnu:/usr/lib/jni:/lib:/usr/lib"/>
    <property name="java.vm.info" value="mixed mode, sharing"/>
    <property name="java.vendor" value="Private Build"/>
    <property name="java.vm.version" value="15+36-Ubuntu-1"/>
    <property name="sun.io.unicode.encoding" value="UnicodeLittle"/>
    <property name="java.class.version" value="59.0"/>
  </properties>
  <testcase name="contextLoads" classname="com.example.securitydemo.SecuritydemoApplicationTests" time="1.266"/>
</testsuite>